<?xml version="1.0" encoding="UTF-8" standalone="yes" ?>
<test-results name="C:\Users\Julien\Documents\JsonLibsTests\tests\gsJsonTests.exe" total="1178" errors="48" failures="42" ignored="0" inconclusive="0" not-run="0" skipped="0" invalid="0" date="2026-04-27" time="0.490">
  <culture-info current-culture="en" current-uiculture="en" />
  <test-suite type="Assembly" name="gsJsonTests.exe" executed="true" result="Failure" success="False" time="0.490" asserts="0">
    <results>
        <test-suite type="Namespace" name="gsJson" executed="true" result="Failure" success="False" time="0.490" asserts="0" >
          <results>
              <test-suite type="Namespace" name="main" executed="true" result="Failure" success="False" time="0.490" asserts="0" >
                <results>
                    <test-suite type="Fixture" name="TgsJson_beroJson_TestProject" executed="True" result="Failure" success="False" time="0.026" >
                      <results>
                        <test-case name="Test_Parse.Test A" executed="True" result="Success" success="True" time="0.000" asserts="0" />
                        <test-case name="Test_Parse.Test B" executed="True" result="Success" success="True" time="0.000" asserts="0" />
                        <test-case name="Test_Parse.Test C" executed="True" result="Success" success="True" time="0.000" asserts="0" />
                        <test-case name="Test_Parse.Test D" executed="True" result="Success" success="True" time="0.000" asserts="0" />
                        <test-case name="Test_Parse.Test E" executed="True" result="Success" success="True" time="0.000" asserts="0" />
                        <test-case name="Test_Parse.Test F" executed="True" result="Success" success="True" time="0.000" asserts="0" />
                        <test-case name="Test_Parse.Test G" executed="True" result="Success" success="True" time="0.000" asserts="0" />
                        <test-case name="Test_Parse.Test H" executed="True" result="Success" success="True" time="0.000" asserts="0" />
                        <test-case name="Test_Parse.Test I" executed="True" result="Success" success="True" time="0.000" asserts="0" />
                        <test-case name="Test_Parse.Test J" executed="True" result="Success" success="True" time="0.002" asserts="0" />
                        <test-case name="Test_Parse.Test K" executed="True" result="Success" success="True" time="0.000" asserts="0" />
                        <test-case name="Test_Parse.Test L" executed="True" result="Success" success="True" time="0.000" asserts="0" />
                        <test-case name="Test_Parse.Test Empty A" executed="True" result="Success" success="True" time="0.000" asserts="0" />
                        <test-case name="Test_Parse.Test Empty B" executed="True" result="Success" success="True" time="0.000" asserts="0" />
                        <test-case name="Test_Parse.Test Empty C" executed="True" result="Success" success="True" time="0.000" asserts="0" />
                        <test-case name="Test_Parse.Test Empty D" executed="True" result="Success" success="True" time="0.000" asserts="0" />
                        <test-case name="Test_Parse.Test Empty E" executed="True" result="Success" success="True" time="0.000" asserts="0" />
                        <test-case name="Test_ParseErrorbutOk.Test Empty A (not allowed)" executed="True" result="Success" success="True" time="0.000" asserts="0" />
                        <test-case name="Test_ParseErrorbutOk.Test Empty B With space (not allowed)" executed="True" result="Success" success="True" time="0.000" asserts="0" />
                        <test-case name="Test_ParseErrorbutOk.Test Parse error A (line break not allowed)" executed="True" result="Success" success="True" time="0.000" asserts="0" />
                        <test-case name="Test_ParseErrorbutOk.Test Parse error B (pure string)" executed="True" result="Success" success="True" time="0.000" asserts="0" />
                        <test-case name="Test_ParseErrorbutOk.Test Parse error C (Json object has always pairs declared (here &quot;31&quot; is not named - Not allowed" executed="True" result="Success" success="True" time="0.000" asserts="0" />
                        <test-case name="Test_DuplicateKey_RFC8259" executed="True" result="Success" success="True" time="0.000" asserts="0" />
                        <test-case name="Test_get_1.Test Get 1" executed="True" result="Success" success="True" time="0.000" asserts="0" />
                        <test-case name="Test_get_2.Test Get 2" executed="True" result="Success" success="True" time="0.000" asserts="0" />
                        <test-case name="test_get_integer" executed="True" result="Success" success="True" time="0.000" asserts="0" />
                        <test-case name="Test_getAndJsonElement" executed="True" result="Success" success="True" time="0.000" asserts="0" />
                        <test-case name="test_arrayAndVariousGet" executed="True" result="Success" success="True" time="0.000" asserts="0" />
                        <test-case name="Test_PutAndGetStr.Test Put A" executed="True" result="Success" success="True" time="0.000" asserts="0" />
                        <test-case name="Test_PutAndGetStr.Test Put B" executed="True" result="Success" success="True" time="0.000" asserts="0" />
                        <test-case name="Test_SimpleIntegerArray.Test array build A" executed="True" result="Success" success="True" time="0.000" asserts="0" />
                        <test-case name="Test_PolymorphicArray.Test array build B" executed="True" result="Success" success="True" time="0.000" asserts="0" />
                        <test-case name="Test_BuildEmptyArray.Test array build C (empty array)" executed="True" result="Success" success="True" time="0.000" asserts="0" />
                        <test-case name="Test_RFC8259_NumberFormats.Zero" executed="True" result="Success" success="True" time="0.000" asserts="0" />
                        <test-case name="Test_RFC8259_NumberFormats.Negative zero" executed="True" result="Success" success="True" time="0.000" asserts="0" />
                        <test-case name="Test_RFC8259_NumberFormats.Positive int" executed="True" result="Success" success="True" time="0.000" asserts="0" />
                        <test-case name="Test_RFC8259_NumberFormats.Negative int" executed="True" result="Success" success="True" time="0.000" asserts="0" />
                        <test-case name="Test_RFC8259_NumberFormats.Decimal" executed="True" result="Success" success="True" time="0.000" asserts="0" />
                        <test-case name="Test_RFC8259_NumberFormats.Negative decimal" executed="True" result="Success" success="True" time="0.000" asserts="0" />
                        <test-case name="Test_RFC8259_NumberFormats.Exponent lower" executed="True" result="Success" success="True" time="0.000" asserts="0" />
                        <test-case name="Test_RFC8259_NumberFormats.Exponent upper" executed="True" result="Success" success="True" time="0.000" asserts="0" />
                        <test-case name="Test_RFC8259_NumberFormats.Exponent plus" executed="True" result="Success" success="True" time="0.000" asserts="0" />
                        <test-case name="Test_RFC8259_NumberFormats.Exponent minus" executed="True" result="Success" success="True" time="0.000" asserts="0" />
                        <test-case name="Test_RFC8259_NumberFormats.Decimal exp" executed="True" result="Success" success="True" time="0.000" asserts="0" />
                        <test-case name="Test_RFC8259_NumberFormats.Negative exp" executed="True" result="Success" success="True" time="0.000" asserts="0" />
                        <test-case name="Test_RFC8259_NumberInvalid.Leading plus" executed="True" result="Success" success="True" time="0.000" asserts="0" />
                        <test-case name="Test_RFC8259_NumberInvalid.Leading zero" executed="True" result="Success" success="True" time="0.002" asserts="0" />
                        <test-case name="Test_RFC8259_NumberInvalid.Dot start" executed="True" result="Success" success="True" time="0.000" asserts="0" />
                        <test-case name="Test_RFC8259_NumberInvalid.Dot end" executed="True" result="Success" success="True" time="0.000" asserts="0" />
                        <test-case name="Test_RFC8259_NumberInvalid.NaN" executed="True" result="Success" success="True" time="0.002" asserts="0" />
                        <test-case name="Test_RFC8259_NumberInvalid.Infinity" executed="True" result="Success" success="True" time="0.000" asserts="0" />
                        <test-case name="Test_RFC8259_NumberInvalid.Neg Infinity" executed="True" result="Success" success="True" time="0.000" asserts="0" />
                        <test-case name="Test_RFC8259_NumberInvalid.Hex" executed="True" result="Success" success="True" time="0.000" asserts="0" />
                        <test-case name="Test_RFC8259_StringEscapes" executed="True" result="Success" success="True" time="0.000" asserts="0" />
                        <test-case name="Test_RFC8259_UnicodeEscapes" executed="True" result="Success" success="True" time="0.000" asserts="0" />
                        <test-case name="Test_RFC8259_SurrogatePairs" executed="True" result="Success" success="True" time="0.000" asserts="0" />
                        <test-case name="Test_RFC8259_StringRoundTrip" executed="True" result="Success" success="True" time="0.000" asserts="0" />
                        <test-case name="Test_RFC8259_Whitespace" executed="True" result="Success" success="True" time="0.000" asserts="0" />
                        <test-case name="Test_RFC8259_DeepNesting" executed="True" result="Success" success="True" time="0.000" asserts="0" />
                        <test-case name="Test_RFC8259_TrailingComma" executed="True" result="Success" success="True" time="0.000" asserts="0" />
                        <test-case name="Test_RFC8259_UTF8Multibyte" executed="True" result="Failure" success="False" time="0.000" asserts="0" >
                          <failure>
                            <message>
                              <![CDATA[ La condition est évaluée à False alors que True est attendu. [French string mismatch] ]]>
                            </message>
                            <stack-trace>
                              <![CDATA[  ]]>
                            </stack-trace>
                          </failure>
                        </test-case>
                        <test-case name="Test_Stringify" executed="True" result="Success" success="True" time="0.000" asserts="0" />
                      </results>
                    </test-suite>
                    <test-suite type="Fixture" name="TgsJson_chimera_TestProject" executed="True" result="Failure" success="False" time="0.026" >
                      <results>
                        <test-case name="Test_Parse.Test A" executed="True" result="Success" success="True" time="0.000" asserts="0" />
                        <test-case name="Test_Parse.Test B" executed="True" result="Success" success="True" time="0.000" asserts="0" />
                        <test-case name="Test_Parse.Test C" executed="True" result="Success" success="True" time="0.000" asserts="0" />
                        <test-case name="Test_Parse.Test D" executed="True" result="Success" success="True" time="0.000" asserts="0" />
                        <test-case name="Test_Parse.Test E" executed="True" result="Success" success="True" time="0.000" asserts="0" />
                        <test-case name="Test_Parse.Test F" executed="True" result="Success" success="True" time="0.000" asserts="0" />
                        <test-case name="Test_Parse.Test G" executed="True" result="Success" success="True" time="0.000" asserts="0" />
                        <test-case name="Test_Parse.Test H" executed="True" result="Success" success="True" time="0.000" asserts="0" />
                        <test-case name="Test_Parse.Test I" executed="True" result="Success" success="True" time="0.000" asserts="0" />
                        <test-case name="Test_Parse.Test J" executed="True" result="Success" success="True" time="0.000" asserts="0" />
                        <test-case name="Test_Parse.Test K" executed="True" result="Success" success="True" time="0.000" asserts="0" />
                        <test-case name="Test_Parse.Test L" executed="True" result="Success" success="True" time="0.000" asserts="0" />
                        <test-case name="Test_Parse.Test Empty A" executed="True" result="Success" success="True" time="0.000" asserts="0" />
                        <test-case name="Test_Parse.Test Empty B" executed="True" result="Success" success="True" time="0.000" asserts="0" />
                        <test-case name="Test_Parse.Test Empty C" executed="True" result="Success" success="True" time="0.000" asserts="0" />
                        <test-case name="Test_Parse.Test Empty D" executed="True" result="Success" success="True" time="0.000" asserts="0" />
                        <test-case name="Test_Parse.Test Empty E" executed="True" result="Success" success="True" time="0.000" asserts="0" />
                        <test-case name="Test_ParseErrorbutOk.Test Empty A (not allowed)" executed="True" result="Success" success="True" time="0.002" asserts="0" />
                        <test-case name="Test_ParseErrorbutOk.Test Empty B With space (not allowed)" executed="True" result="Success" success="True" time="0.000" asserts="0" />
                        <test-case name="Test_ParseErrorbutOk.Test Parse error A (line break not allowed)" executed="True" result="Failure" success="False" time="0.000" asserts="0" >
                          <failure>
                            <message>
                              <![CDATA[  ]]>
                            </message>
                            <stack-trace>
                              <![CDATA[  ]]>
                            </stack-trace>
                          </failure>
                        </test-case>
                        <test-case name="Test_ParseErrorbutOk.Test Parse error B (pure string)" executed="True" result="Failure" success="False" time="0.000" asserts="0" >
                          <failure>
                            <message>
                              <![CDATA[  ]]>
                            </message>
                            <stack-trace>
                              <![CDATA[  ]]>
                            </stack-trace>
                          </failure>
                        </test-case>
                        <test-case name="Test_ParseErrorbutOk.Test Parse error C (Json object has always pairs declared (here &quot;31&quot; is not named - Not allowed" executed="True" result="Success" success="True" time="0.000" asserts="0" />
                        <test-case name="Test_DuplicateKey_RFC8259" executed="True" result="Success" success="True" time="0.000" asserts="0" />
                        <test-case name="Test_get_1.Test Get 1" executed="True" result="Success" success="True" time="0.000" asserts="0" />
                        <test-case name="Test_get_2.Test Get 2" executed="True" result="Success" success="True" time="0.000" asserts="0" />
                        <test-case name="test_get_integer" executed="True" result="Success" success="True" time="0.000" asserts="0" />
                        <test-case name="Test_getAndJsonElement" executed="True" result="Success" success="True" time="0.000" asserts="0" />
                        <test-case name="test_arrayAndVariousGet" executed="True" result="Success" success="True" time="0.000" asserts="0" />
                        <test-case name="Test_PutAndGetStr.Test Put A" executed="True" result="Success" success="True" time="0.000" asserts="0" />
                        <test-case name="Test_PutAndGetStr.Test Put B" executed="True" result="Success" success="True" time="0.000" asserts="0" />
                        <test-case name="Test_SimpleIntegerArray.Test array build A" executed="True" result="Success" success="True" time="0.000" asserts="0" />
                        <test-case name="Test_PolymorphicArray.Test array build B" executed="True" result="Success" success="True" time="0.000" asserts="0" />
                        <test-case name="Test_BuildEmptyArray.Test array build C (empty array)" executed="True" result="Success" success="True" time="0.000" asserts="0" />
                        <test-case name="Test_RFC8259_NumberFormats.Zero" executed="True" result="Success" success="True" time="0.000" asserts="0" />
                        <test-case name="Test_RFC8259_NumberFormats.Negative zero" executed="True" result="Success" success="True" time="0.000" asserts="0" />
                        <test-case name="Test_RFC8259_NumberFormats.Positive int" executed="True" result="Success" success="True" time="0.000" asserts="0" />
                        <test-case name="Test_RFC8259_NumberFormats.Negative int" executed="True" result="Failure" success="False" time="0.000" asserts="0" >
                          <failure>
                            <message>
                              <![CDATA[ [-42] attendu mais [42] Value mismatch for {"v":-42} obtenu ]]>
                            </message>
                            <stack-trace>
                              <![CDATA[  ]]>
                            </stack-trace>
                          </failure>
                        </test-case>
                        <test-case name="Test_RFC8259_NumberFormats.Decimal" executed="True" result="Success" success="True" time="0.000" asserts="0" />
                        <test-case name="Test_RFC8259_NumberFormats.Negative decimal" executed="True" result="Failure" success="False" time="0.000" asserts="0" >
                          <failure>
                            <message>
                              <![CDATA[ [-0,5] attendu mais [0,5] Value mismatch for {"v":-0.5} obtenu ]]>
                            </message>
                            <stack-trace>
                              <![CDATA[  ]]>
                            </stack-trace>
                          </failure>
                        </test-case>
                        <test-case name="Test_RFC8259_NumberFormats.Exponent lower" executed="True" result="Success" success="True" time="0.000" asserts="0" />
                        <test-case name="Test_RFC8259_NumberFormats.Exponent upper" executed="True" result="Success" success="True" time="0.000" asserts="0" />
                        <test-case name="Test_RFC8259_NumberFormats.Exponent plus" executed="True" result="Error" success="False" time="0.000" asserts="0" >
                          <failure>
                            <message>
                              <![CDATA[ Unexpected Value ]]>
                            </message>
                            <stack-trace>
                              <![CDATA[  ]]>
                            </stack-trace>
                          </failure>
                        </test-case>
                        <test-case name="Test_RFC8259_NumberFormats.Exponent minus" executed="True" result="Error" success="False" time="0.000" asserts="0" >
                          <failure>
                            <message>
                              <![CDATA[ Unexpected Value ]]>
                            </message>
                            <stack-trace>
                              <![CDATA[  ]]>
                            </stack-trace>
                          </failure>
                        </test-case>
                        <test-case name="Test_RFC8259_NumberFormats.Decimal exp" executed="True" result="Success" success="True" time="0.000" asserts="0" />
                        <test-case name="Test_RFC8259_NumberFormats.Negative exp" executed="True" result="Error" success="False" time="0.000" asserts="0" >
                          <failure>
                            <message>
                              <![CDATA[ Unexpected Value ]]>
                            </message>
                            <stack-trace>
                              <![CDATA[  ]]>
                            </stack-trace>
                          </failure>
                        </test-case>
                        <test-case name="Test_RFC8259_NumberInvalid.Leading plus" executed="True" result="Success" success="True" time="0.000" asserts="0" />
                        <test-case name="Test_RFC8259_NumberInvalid.Leading zero" executed="True" result="Success" success="True" time="0.000" asserts="0" />
                        <test-case name="Test_RFC8259_NumberInvalid.Dot start" executed="True" result="Success" success="True" time="0.000" asserts="0" />
                        <test-case name="Test_RFC8259_NumberInvalid.Dot end" executed="True" result="Success" success="True" time="0.000" asserts="0" />
                        <test-case name="Test_RFC8259_NumberInvalid.NaN" executed="True" result="Success" success="True" time="0.000" asserts="0" />
                        <test-case name="Test_RFC8259_NumberInvalid.Infinity" executed="True" result="Success" success="True" time="0.000" asserts="0" />
                        <test-case name="Test_RFC8259_NumberInvalid.Neg Infinity" executed="True" result="Success" success="True" time="0.000" asserts="0" />
                        <test-case name="Test_RFC8259_NumberInvalid.Hex" executed="True" result="Success" success="True" time="0.000" asserts="0" />
                        <test-case name="Test_RFC8259_StringEscapes" executed="True" result="Success" success="True" time="0.000" asserts="0" />
                        <test-case name="Test_RFC8259_UnicodeEscapes" executed="True" result="Failure" success="False" time="0.000" asserts="0" >
                          <failure>
                            <message>
                              <![CDATA[ [A] attendu mais [65] \u0041 should decode to A obtenu ]]>
                            </message>
                            <stack-trace>
                              <![CDATA[  ]]>
                            </stack-trace>
                          </failure>
                        </test-case>
                        <test-case name="Test_RFC8259_SurrogatePairs" executed="True" result="Success" success="True" time="0.000" asserts="0" />
                        <test-case name="Test_RFC8259_StringRoundTrip" executed="True" result="Success" success="True" time="0.000" asserts="0" />
                        <test-case name="Test_RFC8259_Whitespace" executed="True" result="Success" success="True" time="0.000" asserts="0" />
                        <test-case name="Test_RFC8259_DeepNesting" executed="True" result="Success" success="True" time="0.000" asserts="0" />
                        <test-case name="Test_RFC8259_TrailingComma" executed="True" result="Success" success="True" time="0.000" asserts="0" />
                        <test-case name="Test_RFC8259_UTF8Multibyte" executed="True" result="Success" success="True" time="0.000" asserts="0" />
                        <test-case name="Test_Stringify" executed="True" result="Success" success="True" time="0.000" asserts="0" />
                      </results>
                    </test-suite>
                    <test-suite type="Fixture" name="TgsJson_dwsJson_TestProject" executed="True" result="Success" success="True" time="0.024" >
                      <results>
                        <test-case name="Test_Parse.Test A" executed="True" result="Success" success="True" time="0.000" asserts="0" />
                        <test-case name="Test_Parse.Test B" executed="True" result="Success" success="True" time="0.000" asserts="0" />
                        <test-case name="Test_Parse.Test C" executed="True" result="Success" success="True" time="0.000" asserts="0" />
                        <test-case name="Test_Parse.Test D" executed="True" result="Success" success="True" time="0.000" asserts="0" />
                        <test-case name="Test_Parse.Test E" executed="True" result="Success" success="True" time="0.000" asserts="0" />
                        <test-case name="Test_Parse.Test F" executed="True" result="Success" success="True" time="0.000" asserts="0" />
                        <test-case name="Test_Parse.Test G" executed="True" result="Success" success="True" time="0.000" asserts="0" />
                        <test-case name="Test_Parse.Test H" executed="True" result="Success" success="True" time="0.000" asserts="0" />
                        <test-case name="Test_Parse.Test I" executed="True" result="Success" success="True" time="0.000" asserts="0" />
                        <test-case name="Test_Parse.Test J" executed="True" result="Success" success="True" time="0.000" asserts="0" />
                        <test-case name="Test_Parse.Test K" executed="True" result="Success" success="True" time="0.000" asserts="0" />
                        <test-case name="Test_Parse.Test L" executed="True" result="Success" success="True" time="0.000" asserts="0" />
                        <test-case name="Test_Parse.Test Empty A" executed="True" result="Success" success="True" time="0.000" asserts="0" />
                        <test-case name="Test_Parse.Test Empty B" executed="True" result="Success" success="True" time="0.000" asserts="0" />
                        <test-case name="Test_Parse.Test Empty C" executed="True" result="Success" success="True" time="0.000" asserts="0" />
                        <test-case name="Test_Parse.Test Empty D" executed="True" result="Success" success="True" time="0.000" asserts="0" />
                        <test-case name="Test_Parse.Test Empty E" executed="True" result="Success" success="True" time="0.000" asserts="0" />
                        <test-case name="Test_ParseErrorbutOk.Test Empty A (not allowed)" executed="True" result="Success" success="True" time="0.000" asserts="0" />
                        <test-case name="Test_ParseErrorbutOk.Test Empty B With space (not allowed)" executed="True" result="Success" success="True" time="0.000" asserts="0" />
                        <test-case name="Test_ParseErrorbutOk.Test Parse error A (line break not allowed)" executed="True" result="Success" success="True" time="0.000" asserts="0" />
                        <test-case name="Test_ParseErrorbutOk.Test Parse error B (pure string)" executed="True" result="Success" success="True" time="0.001" asserts="0" />
                        <test-case name="Test_ParseErrorbutOk.Test Parse error C (Json object has always pairs declared (here &quot;31&quot; is not named - Not allowed" executed="True" result="Success" success="True" time="0.000" asserts="0" />
                        <test-case name="Test_DuplicateKey_RFC8259" executed="True" result="Success" success="True" time="0.000" asserts="0" />
                        <test-case name="Test_get_1.Test Get 1" executed="True" result="Success" success="True" time="0.000" asserts="0" />
                        <test-case name="Test_get_2.Test Get 2" executed="True" result="Success" success="True" time="0.000" asserts="0" />
                        <test-case name="test_get_integer" executed="True" result="Success" success="True" time="0.000" asserts="0" />
                        <test-case name="Test_getAndJsonElement" executed="True" result="Success" success="True" time="0.000" asserts="0" />
                        <test-case name="test_arrayAndVariousGet" executed="True" result="Success" success="True" time="0.000" asserts="0" />
                        <test-case name="Test_PutAndGetStr.Test Put A" executed="True" result="Success" success="True" time="0.000" asserts="0" />
                        <test-case name="Test_PutAndGetStr.Test Put B" executed="True" result="Success" success="True" time="0.000" asserts="0" />
                        <test-case name="Test_SimpleIntegerArray.Test array build A" executed="True" result="Success" success="True" time="0.000" asserts="0" />
                        <test-case name="Test_PolymorphicArray.Test array build B" executed="True" result="Success" success="True" time="0.000" asserts="0" />
                        <test-case name="Test_BuildEmptyArray.Test array build C (empty array)" executed="True" result="Success" success="True" time="0.000" asserts="0" />
                        <test-case name="Test_RFC8259_NumberFormats.Zero" executed="True" result="Success" success="True" time="0.000" asserts="0" />
                        <test-case name="Test_RFC8259_NumberFormats.Negative zero" executed="True" result="Success" success="True" time="0.000" asserts="0" />
                        <test-case name="Test_RFC8259_NumberFormats.Positive int" executed="True" result="Success" success="True" time="0.000" asserts="0" />
                        <test-case name="Test_RFC8259_NumberFormats.Negative int" executed="True" result="Success" success="True" time="0.000" asserts="0" />
                        <test-case name="Test_RFC8259_NumberFormats.Decimal" executed="True" result="Success" success="True" time="0.000" asserts="0" />
                        <test-case name="Test_RFC8259_NumberFormats.Negative decimal" executed="True" result="Success" success="True" time="0.000" asserts="0" />
                        <test-case name="Test_RFC8259_NumberFormats.Exponent lower" executed="True" result="Success" success="True" time="0.000" asserts="0" />
                        <test-case name="Test_RFC8259_NumberFormats.Exponent upper" executed="True" result="Success" success="True" time="0.000" asserts="0" />
                        <test-case name="Test_RFC8259_NumberFormats.Exponent plus" executed="True" result="Success" success="True" time="0.000" asserts="0" />
                        <test-case name="Test_RFC8259_NumberFormats.Exponent minus" executed="True" result="Success" success="True" time="0.000" asserts="0" />
                        <test-case name="Test_RFC8259_NumberFormats.Decimal exp" executed="True" result="Success" success="True" time="0.000" asserts="0" />
                        <test-case name="Test_RFC8259_NumberFormats.Negative exp" executed="True" result="Success" success="True" time="0.000" asserts="0" />
                        <test-case name="Test_RFC8259_NumberInvalid.Leading plus" executed="True" result="Success" success="True" time="0.002" asserts="0" />
                        <test-case name="Test_RFC8259_NumberInvalid.Leading zero" executed="True" result="Success" success="True" time="0.000" asserts="0" />
                        <test-case name="Test_RFC8259_NumberInvalid.Dot start" executed="True" result="Success" success="True" time="0.000" asserts="0" />
                        <test-case name="Test_RFC8259_NumberInvalid.Dot end" executed="True" result="Success" success="True" time="0.000" asserts="0" />
                        <test-case name="Test_RFC8259_NumberInvalid.NaN" executed="True" result="Success" success="True" time="0.002" asserts="0" />
                        <test-case name="Test_RFC8259_NumberInvalid.Infinity" executed="True" result="Success" success="True" time="0.000" asserts="0" />
                        <test-case name="Test_RFC8259_NumberInvalid.Neg Infinity" executed="True" result="Success" success="True" time="0.000" asserts="0" />
                        <test-case name="Test_RFC8259_NumberInvalid.Hex" executed="True" result="Success" success="True" time="0.000" asserts="0" />
                        <test-case name="Test_RFC8259_StringEscapes" executed="True" result="Success" success="True" time="0.000" asserts="0" />
                        <test-case name="Test_RFC8259_UnicodeEscapes" executed="True" result="Success" success="True" time="0.000" asserts="0" />
                        <test-case name="Test_RFC8259_SurrogatePairs" executed="True" result="Success" success="True" time="0.000" asserts="0" />
                        <test-case name="Test_RFC8259_StringRoundTrip" executed="True" result="Success" success="True" time="0.000" asserts="0" />
                        <test-case name="Test_RFC8259_Whitespace" executed="True" result="Success" success="True" time="0.000" asserts="0" />
                        <test-case name="Test_RFC8259_DeepNesting" executed="True" result="Success" success="True" time="0.000" asserts="0" />
                        <test-case name="Test_RFC8259_TrailingComma" executed="True" result="Success" success="True" time="0.000" asserts="0" />
                        <test-case name="Test_RFC8259_UTF8Multibyte" executed="True" result="Success" success="True" time="0.000" asserts="0" />
                        <test-case name="Test_Stringify" executed="True" result="Success" success="True" time="0.000" asserts="0" />
                      </results>
                    </test-suite>
                    <test-suite type="Fixture" name="TgsJson_dynamicDataObjects_TestProject" executed="True" result="Failure" success="False" time="0.026" >
                      <results>
                        <test-case name="Test_Parse.Test A" executed="True" result="Success" success="True" time="0.000" asserts="0" />
                        <test-case name="Test_Parse.Test B" executed="True" result="Success" success="True" time="0.000" asserts="0" />
                        <test-case name="Test_Parse.Test C" executed="True" result="Success" success="True" time="0.000" asserts="0" />
                        <test-case name="Test_Parse.Test D" executed="True" result="Success" success="True" time="0.000" asserts="0" />
                        <test-case name="Test_Parse.Test E" executed="True" result="Success" success="True" time="0.000" asserts="0" />
                        <test-case name="Test_Parse.Test F" executed="True" result="Success" success="True" time="0.000" asserts="0" />
                        <test-case name="Test_Parse.Test G" executed="True" result="Success" success="True" time="0.000" asserts="0" />
                        <test-case name="Test_Parse.Test H" executed="True" result="Success" success="True" time="0.000" asserts="0" />
                        <test-case name="Test_Parse.Test I" executed="True" result="Success" success="True" time="0.000" asserts="0" />
                        <test-case name="Test_Parse.Test J" executed="True" result="Success" success="True" time="0.000" asserts="0" />
                        <test-case name="Test_Parse.Test K" executed="True" result="Success" success="True" time="0.002" asserts="0" />
                        <test-case name="Test_Parse.Test L" executed="True" result="Success" success="True" time="0.000" asserts="0" />
                        <test-case name="Test_Parse.Test Empty A" executed="True" result="Success" success="True" time="0.000" asserts="0" />
                        <test-case name="Test_Parse.Test Empty B" executed="True" result="Success" success="True" time="0.000" asserts="0" />
                        <test-case name="Test_Parse.Test Empty C" executed="True" result="Success" success="True" time="0.000" asserts="0" />
                        <test-case name="Test_Parse.Test Empty D" executed="True" result="Success" success="True" time="0.000" asserts="0" />
                        <test-case name="Test_Parse.Test Empty E" executed="True" result="Success" success="True" time="0.000" asserts="0" />
                        <test-case name="Test_ParseErrorbutOk.Test Empty A (not allowed)" executed="True" result="Success" success="True" time="0.000" asserts="0" />
                        <test-case name="Test_ParseErrorbutOk.Test Empty B With space (not allowed)" executed="True" result="Success" success="True" time="0.000" asserts="0" />
                        <test-case name="Test_ParseErrorbutOk.Test Parse error A (line break not allowed)" executed="True" result="Success" success="True" time="0.000" asserts="0" />
                        <test-case name="Test_ParseErrorbutOk.Test Parse error B (pure string)" executed="True" result="Failure" success="False" time="0.000" asserts="0" >
                          <failure>
                            <message>
                              <![CDATA[  ]]>
                            </message>
                            <stack-trace>
                              <![CDATA[  ]]>
                            </stack-trace>
                          </failure>
                        </test-case>
                        <test-case name="Test_ParseErrorbutOk.Test Parse error C (Json object has always pairs declared (here &quot;31&quot; is not named - Not allowed" executed="True" result="Success" success="True" time="0.000" asserts="0" />
                        <test-case name="Test_DuplicateKey_RFC8259" executed="True" result="Success" success="True" time="0.000" asserts="0" />
                        <test-case name="Test_get_1.Test Get 1" executed="True" result="Success" success="True" time="0.000" asserts="0" />
                        <test-case name="Test_get_2.Test Get 2" executed="True" result="Success" success="True" time="0.000" asserts="0" />
                        <test-case name="test_get_integer" executed="True" result="Success" success="True" time="0.000" asserts="0" />
                        <test-case name="Test_getAndJsonElement" executed="True" result="Success" success="True" time="0.000" asserts="0" />
                        <test-case name="test_arrayAndVariousGet" executed="True" result="Success" success="True" time="0.000" asserts="0" />
                        <test-case name="Test_PutAndGetStr.Test Put A" executed="True" result="Success" success="True" time="0.000" asserts="0" />
                        <test-case name="Test_PutAndGetStr.Test Put B" executed="True" result="Success" success="True" time="0.000" asserts="0" />
                        <test-case name="Test_SimpleIntegerArray.Test array build A" executed="True" result="Success" success="True" time="0.000" asserts="0" />
                        <test-case name="Test_PolymorphicArray.Test array build B" executed="True" result="Success" success="True" time="0.000" asserts="0" />
                        <test-case name="Test_BuildEmptyArray.Test array build C (empty array)" executed="True" result="Success" success="True" time="0.000" asserts="0" />
                        <test-case name="Test_RFC8259_NumberFormats.Zero" executed="True" result="Success" success="True" time="0.000" asserts="0" />
                        <test-case name="Test_RFC8259_NumberFormats.Negative zero" executed="True" result="Success" success="True" time="0.000" asserts="0" />
                        <test-case name="Test_RFC8259_NumberFormats.Positive int" executed="True" result="Success" success="True" time="0.000" asserts="0" />
                        <test-case name="Test_RFC8259_NumberFormats.Negative int" executed="True" result="Success" success="True" time="0.000" asserts="0" />
                        <test-case name="Test_RFC8259_NumberFormats.Decimal" executed="True" result="Success" success="True" time="0.000" asserts="0" />
                        <test-case name="Test_RFC8259_NumberFormats.Negative decimal" executed="True" result="Success" success="True" time="0.000" asserts="0" />
                        <test-case name="Test_RFC8259_NumberFormats.Exponent lower" executed="True" result="Success" success="True" time="0.000" asserts="0" />
                        <test-case name="Test_RFC8259_NumberFormats.Exponent upper" executed="True" result="Success" success="True" time="0.000" asserts="0" />
                        <test-case name="Test_RFC8259_NumberFormats.Exponent plus" executed="True" result="Success" success="True" time="0.000" asserts="0" />
                        <test-case name="Test_RFC8259_NumberFormats.Exponent minus" executed="True" result="Success" success="True" time="0.000" asserts="0" />
                        <test-case name="Test_RFC8259_NumberFormats.Decimal exp" executed="True" result="Error" success="False" time="0.000" asserts="0" >
                          <failure>
                            <message>
                              <![CDATA[ Unable to convert text to floating point number at 5 ]]>
                            </message>
                            <stack-trace>
                              <![CDATA[  ]]>
                            </stack-trace>
                          </failure>
                        </test-case>
                        <test-case name="Test_RFC8259_NumberFormats.Negative exp" executed="True" result="Error" success="False" time="0.000" asserts="0" >
                          <failure>
                            <message>
                              <![CDATA[ Unable to convert text to floating point number at 5 ]]>
                            </message>
                            <stack-trace>
                              <![CDATA[  ]]>
                            </stack-trace>
                          </failure>
                        </test-case>
                        <test-case name="Test_RFC8259_NumberInvalid.Leading plus" executed="True" result="Success" success="True" time="0.000" asserts="0" />
                        <test-case name="Test_RFC8259_NumberInvalid.Leading zero" executed="True" result="Success" success="True" time="0.002" asserts="0" />
                        <test-case name="Test_RFC8259_NumberInvalid.Dot start" executed="True" result="Success" success="True" time="0.000" asserts="0" />
                        <test-case name="Test_RFC8259_NumberInvalid.Dot end" executed="True" result="Success" success="True" time="0.000" asserts="0" />
                        <test-case name="Test_RFC8259_NumberInvalid.NaN" executed="True" result="Success" success="True" time="0.000" asserts="0" />
                        <test-case name="Test_RFC8259_NumberInvalid.Infinity" executed="True" result="Success" success="True" time="0.000" asserts="0" />
                        <test-case name="Test_RFC8259_NumberInvalid.Neg Infinity" executed="True" result="Success" success="True" time="0.000" asserts="0" />
                        <test-case name="Test_RFC8259_NumberInvalid.Hex" executed="True" result="Success" success="True" time="0.000" asserts="0" />
                        <test-case name="Test_RFC8259_StringEscapes" executed="True" result="Success" success="True" time="0.000" asserts="0" />
                        <test-case name="Test_RFC8259_UnicodeEscapes" executed="True" result="Success" success="True" time="0.000" asserts="0" />
                        <test-case name="Test_RFC8259_SurrogatePairs" executed="True" result="Success" success="True" time="0.000" asserts="0" />
                        <test-case name="Test_RFC8259_StringRoundTrip" executed="True" result="Success" success="True" time="0.000" asserts="0" />
                        <test-case name="Test_RFC8259_Whitespace" executed="True" result="Success" success="True" time="0.000" asserts="0" />
                        <test-case name="Test_RFC8259_DeepNesting" executed="True" result="Success" success="True" time="0.000" asserts="0" />
                        <test-case name="Test_RFC8259_TrailingComma" executed="True" result="Success" success="True" time="0.000" asserts="0" />
                        <test-case name="Test_RFC8259_UTF8Multibyte" executed="True" result="Success" success="True" time="0.000" asserts="0" />
                        <test-case name="Test_Stringify" executed="True" result="Success" success="True" time="0.000" asserts="0" />
                      </results>
                    </test-suite>
                    <test-suite type="Fixture" name="TgsJson_embarcaderoDelphiJson_TestProject" executed="True" result="Failure" success="False" time="0.025" >
                      <results>
                        <test-case name="Test_Parse.Test A" executed="True" result="Success" success="True" time="0.000" asserts="0" />
                        <test-case name="Test_Parse.Test B" executed="True" result="Success" success="True" time="0.000" asserts="0" />
                        <test-case name="Test_Parse.Test C" executed="True" result="Success" success="True" time="0.002" asserts="0" />
                        <test-case name="Test_Parse.Test D" executed="True" result="Success" success="True" time="0.000" asserts="0" />
                        <test-case name="Test_Parse.Test E" executed="True" result="Success" success="True" time="0.000" asserts="0" />
                        <test-case name="Test_Parse.Test F" executed="True" result="Success" success="True" time="0.000" asserts="0" />
                        <test-case name="Test_Parse.Test G" executed="True" result="Success" success="True" time="0.000" asserts="0" />
                        <test-case name="Test_Parse.Test H" executed="True" result="Success" success="True" time="0.000" asserts="0" />
                        <test-case name="Test_Parse.Test I" executed="True" result="Success" success="True" time="0.000" asserts="0" />
                        <test-case name="Test_Parse.Test J" executed="True" result="Success" success="True" time="0.000" asserts="0" />
                        <test-case name="Test_Parse.Test K" executed="True" result="Success" success="True" time="0.000" asserts="0" />
                        <test-case name="Test_Parse.Test L" executed="True" result="Success" success="True" time="0.000" asserts="0" />
                        <test-case name="Test_Parse.Test Empty A" executed="True" result="Success" success="True" time="0.000" asserts="0" />
                        <test-case name="Test_Parse.Test Empty B" executed="True" result="Success" success="True" time="0.000" asserts="0" />
                        <test-case name="Test_Parse.Test Empty C" executed="True" result="Success" success="True" time="0.000" asserts="0" />
                        <test-case name="Test_Parse.Test Empty D" executed="True" result="Success" success="True" time="0.000" asserts="0" />
                        <test-case name="Test_Parse.Test Empty E" executed="True" result="Success" success="True" time="0.000" asserts="0" />
                        <test-case name="Test_ParseErrorbutOk.Test Empty A (not allowed)" executed="True" result="Success" success="True" time="0.000" asserts="0" />
                        <test-case name="Test_ParseErrorbutOk.Test Empty B With space (not allowed)" executed="True" result="Success" success="True" time="0.000" asserts="0" />
                        <test-case name="Test_ParseErrorbutOk.Test Parse error A (line break not allowed)" executed="True" result="Failure" success="False" time="0.000" asserts="0" >
                          <failure>
                            <message>
                              <![CDATA[  ]]>
                            </message>
                            <stack-trace>
                              <![CDATA[  ]]>
                            </stack-trace>
                          </failure>
                        </test-case>
                        <test-case name="Test_ParseErrorbutOk.Test Parse error B (pure string)" executed="True" result="Success" success="True" time="0.000" asserts="0" />
                        <test-case name="Test_ParseErrorbutOk.Test Parse error C (Json object has always pairs declared (here &quot;31&quot; is not named - Not allowed" executed="True" result="Success" success="True" time="0.000" asserts="0" />
                        <test-case name="Test_DuplicateKey_RFC8259" executed="True" result="Success" success="True" time="0.000" asserts="0" />
                        <test-case name="Test_get_1.Test Get 1" executed="True" result="Success" success="True" time="0.000" asserts="0" />
                        <test-case name="Test_get_2.Test Get 2" executed="True" result="Success" success="True" time="0.000" asserts="0" />
                        <test-case name="test_get_integer" executed="True" result="Success" success="True" time="0.000" asserts="0" />
                        <test-case name="Test_getAndJsonElement" executed="True" result="Success" success="True" time="0.000" asserts="0" />
                        <test-case name="test_arrayAndVariousGet" executed="True" result="Success" success="True" time="0.000" asserts="0" />
                        <test-case name="Test_PutAndGetStr.Test Put A" executed="True" result="Success" success="True" time="0.000" asserts="0" />
                        <test-case name="Test_PutAndGetStr.Test Put B" executed="True" result="Success" success="True" time="0.000" asserts="0" />
                        <test-case name="Test_SimpleIntegerArray.Test array build A" executed="True" result="Success" success="True" time="0.000" asserts="0" />
                        <test-case name="Test_PolymorphicArray.Test array build B" executed="True" result="Success" success="True" time="0.000" asserts="0" />
                        <test-case name="Test_BuildEmptyArray.Test array build C (empty array)" executed="True" result="Success" success="True" time="0.000" asserts="0" />
                        <test-case name="Test_RFC8259_NumberFormats.Zero" executed="True" result="Success" success="True" time="0.000" asserts="0" />
                        <test-case name="Test_RFC8259_NumberFormats.Negative zero" executed="True" result="Success" success="True" time="0.000" asserts="0" />
                        <test-case name="Test_RFC8259_NumberFormats.Positive int" executed="True" result="Success" success="True" time="0.000" asserts="0" />
                        <test-case name="Test_RFC8259_NumberFormats.Negative int" executed="True" result="Success" success="True" time="0.000" asserts="0" />
                        <test-case name="Test_RFC8259_NumberFormats.Decimal" executed="True" result="Success" success="True" time="0.000" asserts="0" />
                        <test-case name="Test_RFC8259_NumberFormats.Negative decimal" executed="True" result="Success" success="True" time="0.000" asserts="0" />
                        <test-case name="Test_RFC8259_NumberFormats.Exponent lower" executed="True" result="Success" success="True" time="0.000" asserts="0" />
                        <test-case name="Test_RFC8259_NumberFormats.Exponent upper" executed="True" result="Success" success="True" time="0.000" asserts="0" />
                        <test-case name="Test_RFC8259_NumberFormats.Exponent plus" executed="True" result="Success" success="True" time="0.000" asserts="0" />
                        <test-case name="Test_RFC8259_NumberFormats.Exponent minus" executed="True" result="Success" success="True" time="0.000" asserts="0" />
                        <test-case name="Test_RFC8259_NumberFormats.Decimal exp" executed="True" result="Success" success="True" time="0.000" asserts="0" />
                        <test-case name="Test_RFC8259_NumberFormats.Negative exp" executed="True" result="Success" success="True" time="0.000" asserts="0" />
                        <test-case name="Test_RFC8259_NumberInvalid.Leading plus" executed="True" result="Success" success="True" time="0.000" asserts="0" />
                        <test-case name="Test_RFC8259_NumberInvalid.Leading zero" executed="True" result="Success" success="True" time="0.000" asserts="0" />
                        <test-case name="Test_RFC8259_NumberInvalid.Dot start" executed="True" result="Success" success="True" time="0.002" asserts="0" />
                        <test-case name="Test_RFC8259_NumberInvalid.Dot end" executed="True" result="Success" success="True" time="0.000" asserts="0" />
                        <test-case name="Test_RFC8259_NumberInvalid.NaN" executed="True" result="Success" success="True" time="0.000" asserts="0" />
                        <test-case name="Test_RFC8259_NumberInvalid.Infinity" executed="True" result="Success" success="True" time="0.000" asserts="0" />
                        <test-case name="Test_RFC8259_NumberInvalid.Neg Infinity" executed="True" result="Success" success="True" time="0.002" asserts="0" />
                        <test-case name="Test_RFC8259_NumberInvalid.Hex" executed="True" result="Success" success="True" time="0.000" asserts="0" />
                        <test-case name="Test_RFC8259_StringEscapes" executed="True" result="Success" success="True" time="0.000" asserts="0" />
                        <test-case name="Test_RFC8259_UnicodeEscapes" executed="True" result="Success" success="True" time="0.000" asserts="0" />
                        <test-case name="Test_RFC8259_SurrogatePairs" executed="True" result="Success" success="True" time="0.000" asserts="0" />
                        <test-case name="Test_RFC8259_StringRoundTrip" executed="True" result="Success" success="True" time="0.000" asserts="0" />
                        <test-case name="Test_RFC8259_Whitespace" executed="True" result="Success" success="True" time="0.000" asserts="0" />
                        <test-case name="Test_RFC8259_DeepNesting" executed="True" result="Success" success="True" time="0.000" asserts="0" />
                        <test-case name="Test_RFC8259_TrailingComma" executed="True" result="Success" success="True" time="0.000" asserts="0" />
                        <test-case name="Test_RFC8259_UTF8Multibyte" executed="True" result="Success" success="True" time="0.000" asserts="0" />
                        <test-case name="Test_Stringify" executed="True" result="Success" success="True" time="0.000" asserts="0" />
                      </results>
                    </test-suite>
                    <test-suite type="Fixture" name="TgsJson_grijjyBson_TestProject" executed="True" result="Failure" success="False" time="0.024" >
                      <results>
                        <test-case name="Test_Parse.Test A" executed="True" result="Success" success="True" time="0.000" asserts="0" />
                        <test-case name="Test_Parse.Test B" executed="True" result="Success" success="True" time="0.000" asserts="0" />
                        <test-case name="Test_Parse.Test C" executed="True" result="Success" success="True" time="0.000" asserts="0" />
                        <test-case name="Test_Parse.Test D" executed="True" result="Success" success="True" time="0.000" asserts="0" />
                        <test-case name="Test_Parse.Test E" executed="True" result="Success" success="True" time="0.002" asserts="0" />
                        <test-case name="Test_Parse.Test F" executed="True" result="Success" success="True" time="0.000" asserts="0" />
                        <test-case name="Test_Parse.Test G" executed="True" result="Success" success="True" time="0.000" asserts="0" />
                        <test-case name="Test_Parse.Test H" executed="True" result="Success" success="True" time="0.000" asserts="0" />
                        <test-case name="Test_Parse.Test I" executed="True" result="Success" success="True" time="0.002" asserts="0" />
                        <test-case name="Test_Parse.Test J" executed="True" result="Success" success="True" time="0.000" asserts="0" />
                        <test-case name="Test_Parse.Test K" executed="True" result="Success" success="True" time="0.000" asserts="0" />
                        <test-case name="Test_Parse.Test L" executed="True" result="Success" success="True" time="0.000" asserts="0" />
                        <test-case name="Test_Parse.Test Empty A" executed="True" result="Success" success="True" time="0.000" asserts="0" />
                        <test-case name="Test_Parse.Test Empty B" executed="True" result="Success" success="True" time="0.000" asserts="0" />
                        <test-case name="Test_Parse.Test Empty C" executed="True" result="Success" success="True" time="0.000" asserts="0" />
                        <test-case name="Test_Parse.Test Empty D" executed="True" result="Success" success="True" time="0.000" asserts="0" />
                        <test-case name="Test_Parse.Test Empty E" executed="True" result="Success" success="True" time="0.000" asserts="0" />
                        <test-case name="Test_ParseErrorbutOk.Test Empty A (not allowed)" executed="True" result="Success" success="True" time="0.000" asserts="0" />
                        <test-case name="Test_ParseErrorbutOk.Test Empty B With space (not allowed)" executed="True" result="Success" success="True" time="0.000" asserts="0" />
                        <test-case name="Test_ParseErrorbutOk.Test Parse error A (line break not allowed)" executed="True" result="Failure" success="False" time="0.000" asserts="0" >
                          <failure>
                            <message>
                              <![CDATA[  ]]>
                            </message>
                            <stack-trace>
                              <![CDATA[  ]]>
                            </stack-trace>
                          </failure>
                        </test-case>
                        <test-case name="Test_ParseErrorbutOk.Test Parse error B (pure string)" executed="True" result="Success" success="True" time="0.000" asserts="0" />
                        <test-case name="Test_ParseErrorbutOk.Test Parse error C (Json object has always pairs declared (here &quot;31&quot; is not named - Not allowed" executed="True" result="Success" success="True" time="0.002" asserts="0" />
                        <test-case name="Test_DuplicateKey_RFC8259" executed="True" result="Success" success="True" time="0.000" asserts="0" />
                        <test-case name="Test_get_1.Test Get 1" executed="True" result="Success" success="True" time="0.000" asserts="0" />
                        <test-case name="Test_get_2.Test Get 2" executed="True" result="Success" success="True" time="0.000" asserts="0" />
                        <test-case name="test_get_integer" executed="True" result="Success" success="True" time="0.000" asserts="0" />
                        <test-case name="Test_getAndJsonElement" executed="True" result="Success" success="True" time="0.000" asserts="0" />
                        <test-case name="test_arrayAndVariousGet" executed="True" result="Success" success="True" time="0.000" asserts="0" />
                        <test-case name="Test_PutAndGetStr.Test Put A" executed="True" result="Success" success="True" time="0.000" asserts="0" />
                        <test-case name="Test_PutAndGetStr.Test Put B" executed="True" result="Success" success="True" time="0.000" asserts="0" />
                        <test-case name="Test_SimpleIntegerArray.Test array build A" executed="True" result="Success" success="True" time="0.000" asserts="0" />
                        <test-case name="Test_PolymorphicArray.Test array build B" executed="True" result="Success" success="True" time="0.000" asserts="0" />
                        <test-case name="Test_BuildEmptyArray.Test array build C (empty array)" executed="True" result="Success" success="True" time="0.000" asserts="0" />
                        <test-case name="Test_RFC8259_NumberFormats.Zero" executed="True" result="Success" success="True" time="0.000" asserts="0" />
                        <test-case name="Test_RFC8259_NumberFormats.Negative zero" executed="True" result="Success" success="True" time="0.000" asserts="0" />
                        <test-case name="Test_RFC8259_NumberFormats.Positive int" executed="True" result="Success" success="True" time="0.000" asserts="0" />
                        <test-case name="Test_RFC8259_NumberFormats.Negative int" executed="True" result="Success" success="True" time="0.000" asserts="0" />
                        <test-case name="Test_RFC8259_NumberFormats.Decimal" executed="True" result="Success" success="True" time="0.000" asserts="0" />
                        <test-case name="Test_RFC8259_NumberFormats.Negative decimal" executed="True" result="Success" success="True" time="0.000" asserts="0" />
                        <test-case name="Test_RFC8259_NumberFormats.Exponent lower" executed="True" result="Success" success="True" time="0.000" asserts="0" />
                        <test-case name="Test_RFC8259_NumberFormats.Exponent upper" executed="True" result="Success" success="True" time="0.000" asserts="0" />
                        <test-case name="Test_RFC8259_NumberFormats.Exponent plus" executed="True" result="Success" success="True" time="0.000" asserts="0" />
                        <test-case name="Test_RFC8259_NumberFormats.Exponent minus" executed="True" result="Success" success="True" time="0.000" asserts="0" />
                        <test-case name="Test_RFC8259_NumberFormats.Decimal exp" executed="True" result="Success" success="True" time="0.000" asserts="0" />
                        <test-case name="Test_RFC8259_NumberFormats.Negative exp" executed="True" result="Success" success="True" time="0.000" asserts="0" />
                        <test-case name="Test_RFC8259_NumberInvalid.Leading plus" executed="True" result="Success" success="True" time="0.000" asserts="0" />
                        <test-case name="Test_RFC8259_NumberInvalid.Leading zero" executed="True" result="Success" success="True" time="0.000" asserts="0" />
                        <test-case name="Test_RFC8259_NumberInvalid.Dot start" executed="True" result="Success" success="True" time="0.000" asserts="0" />
                        <test-case name="Test_RFC8259_NumberInvalid.Dot end" executed="True" result="Success" success="True" time="0.000" asserts="0" />
                        <test-case name="Test_RFC8259_NumberInvalid.NaN" executed="True" result="Success" success="True" time="0.000" asserts="0" />
                        <test-case name="Test_RFC8259_NumberInvalid.Infinity" executed="True" result="Success" success="True" time="0.000" asserts="0" />
                        <test-case name="Test_RFC8259_NumberInvalid.Neg Infinity" executed="True" result="Success" success="True" time="0.000" asserts="0" />
                        <test-case name="Test_RFC8259_NumberInvalid.Hex" executed="True" result="Success" success="True" time="0.000" asserts="0" />
                        <test-case name="Test_RFC8259_StringEscapes" executed="True" result="Success" success="True" time="0.000" asserts="0" />
                        <test-case name="Test_RFC8259_UnicodeEscapes" executed="True" result="Success" success="True" time="0.000" asserts="0" />
                        <test-case name="Test_RFC8259_SurrogatePairs" executed="True" result="Success" success="True" time="0.000" asserts="0" />
                        <test-case name="Test_RFC8259_StringRoundTrip" executed="True" result="Success" success="True" time="0.000" asserts="0" />
                        <test-case name="Test_RFC8259_Whitespace" executed="True" result="Success" success="True" time="0.000" asserts="0" />
                        <test-case name="Test_RFC8259_DeepNesting" executed="True" result="Success" success="True" time="0.000" asserts="0" />
                        <test-case name="Test_RFC8259_TrailingComma" executed="True" result="Success" success="True" time="0.000" asserts="0" />
                        <test-case name="Test_RFC8259_UTF8Multibyte" executed="True" result="Success" success="True" time="0.000" asserts="0" />
                        <test-case name="Test_Stringify" executed="True" result="Success" success="True" time="0.000" asserts="0" />
                      </results>
                    </test-suite>
                    <test-suite type="Fixture" name="TgsJson_gsJson_TestProject" executed="True" result="Success" success="True" time="0.025" >
                      <results>
                        <test-case name="Test_Parse.Test A" executed="True" result="Success" success="True" time="0.000" asserts="0" />
                        <test-case name="Test_Parse.Test B" executed="True" result="Success" success="True" time="0.000" asserts="0" />
                        <test-case name="Test_Parse.Test C" executed="True" result="Success" success="True" time="0.000" asserts="0" />
                        <test-case name="Test_Parse.Test D" executed="True" result="Success" success="True" time="0.000" asserts="0" />
                        <test-case name="Test_Parse.Test E" executed="True" result="Success" success="True" time="0.000" asserts="0" />
                        <test-case name="Test_Parse.Test F" executed="True" result="Success" success="True" time="0.000" asserts="0" />
                        <test-case name="Test_Parse.Test G" executed="True" result="Success" success="True" time="0.000" asserts="0" />
                        <test-case name="Test_Parse.Test H" executed="True" result="Success" success="True" time="0.002" asserts="0" />
                        <test-case name="Test_Parse.Test I" executed="True" result="Success" success="True" time="0.000" asserts="0" />
                        <test-case name="Test_Parse.Test J" executed="True" result="Success" success="True" time="0.000" asserts="0" />
                        <test-case name="Test_Parse.Test K" executed="True" result="Success" success="True" time="0.000" asserts="0" />
                        <test-case name="Test_Parse.Test L" executed="True" result="Success" success="True" time="0.002" asserts="0" />
                        <test-case name="Test_Parse.Test Empty A" executed="True" result="Success" success="True" time="0.000" asserts="0" />
                        <test-case name="Test_Parse.Test Empty B" executed="True" result="Success" success="True" time="0.000" asserts="0" />
                        <test-case name="Test_Parse.Test Empty C" executed="True" result="Success" success="True" time="0.000" asserts="0" />
                        <test-case name="Test_Parse.Test Empty D" executed="True" result="Success" success="True" time="0.000" asserts="0" />
                        <test-case name="Test_Parse.Test Empty E" executed="True" result="Success" success="True" time="0.000" asserts="0" />
                        <test-case name="Test_ParseErrorbutOk.Test Empty A (not allowed)" executed="True" result="Success" success="True" time="0.000" asserts="0" />
                        <test-case name="Test_ParseErrorbutOk.Test Empty B With space (not allowed)" executed="True" result="Success" success="True" time="0.000" asserts="0" />
                        <test-case name="Test_ParseErrorbutOk.Test Parse error A (line break not allowed)" executed="True" result="Success" success="True" time="0.000" asserts="0" />
                        <test-case name="Test_ParseErrorbutOk.Test Parse error B (pure string)" executed="True" result="Success" success="True" time="0.000" asserts="0" />
                        <test-case name="Test_ParseErrorbutOk.Test Parse error C (Json object has always pairs declared (here &quot;31&quot; is not named - Not allowed" executed="True" result="Success" success="True" time="0.000" asserts="0" />
                        <test-case name="Test_DuplicateKey_RFC8259" executed="True" result="Success" success="True" time="0.000" asserts="0" />
                        <test-case name="Test_get_1.Test Get 1" executed="True" result="Success" success="True" time="0.000" asserts="0" />
                        <test-case name="Test_get_2.Test Get 2" executed="True" result="Success" success="True" time="0.000" asserts="0" />
                        <test-case name="test_get_integer" executed="True" result="Success" success="True" time="0.000" asserts="0" />
                        <test-case name="Test_getAndJsonElement" executed="True" result="Success" success="True" time="0.000" asserts="0" />
                        <test-case name="test_arrayAndVariousGet" executed="True" result="Success" success="True" time="0.000" asserts="0" />
                        <test-case name="Test_PutAndGetStr.Test Put A" executed="True" result="Success" success="True" time="0.000" asserts="0" />
                        <test-case name="Test_PutAndGetStr.Test Put B" executed="True" result="Success" success="True" time="0.000" asserts="0" />
                        <test-case name="Test_SimpleIntegerArray.Test array build A" executed="True" result="Success" success="True" time="0.000" asserts="0" />
                        <test-case name="Test_PolymorphicArray.Test array build B" executed="True" result="Success" success="True" time="0.000" asserts="0" />
                        <test-case name="Test_BuildEmptyArray.Test array build C (empty array)" executed="True" result="Success" success="True" time="0.000" asserts="0" />
                        <test-case name="Test_RFC8259_NumberFormats.Zero" executed="True" result="Success" success="True" time="0.000" asserts="0" />
                        <test-case name="Test_RFC8259_NumberFormats.Negative zero" executed="True" result="Success" success="True" time="0.000" asserts="0" />
                        <test-case name="Test_RFC8259_NumberFormats.Positive int" executed="True" result="Success" success="True" time="0.000" asserts="0" />
                        <test-case name="Test_RFC8259_NumberFormats.Negative int" executed="True" result="Success" success="True" time="0.000" asserts="0" />
                        <test-case name="Test_RFC8259_NumberFormats.Decimal" executed="True" result="Success" success="True" time="0.000" asserts="0" />
                        <test-case name="Test_RFC8259_NumberFormats.Negative decimal" executed="True" result="Success" success="True" time="0.000" asserts="0" />
                        <test-case name="Test_RFC8259_NumberFormats.Exponent lower" executed="True" result="Success" success="True" time="0.000" asserts="0" />
                        <test-case name="Test_RFC8259_NumberFormats.Exponent upper" executed="True" result="Success" success="True" time="0.000" asserts="0" />
                        <test-case name="Test_RFC8259_NumberFormats.Exponent plus" executed="True" result="Success" success="True" time="0.000" asserts="0" />
                        <test-case name="Test_RFC8259_NumberFormats.Exponent minus" executed="True" result="Success" success="True" time="0.000" asserts="0" />
                        <test-case name="Test_RFC8259_NumberFormats.Decimal exp" executed="True" result="Success" success="True" time="0.000" asserts="0" />
                        <test-case name="Test_RFC8259_NumberFormats.Negative exp" executed="True" result="Success" success="True" time="0.000" asserts="0" />
                        <test-case name="Test_RFC8259_NumberInvalid.Leading plus" executed="True" result="Success" success="True" time="0.000" asserts="0" />
                        <test-case name="Test_RFC8259_NumberInvalid.Leading zero" executed="True" result="Success" success="True" time="0.000" asserts="0" />
                        <test-case name="Test_RFC8259_NumberInvalid.Dot start" executed="True" result="Success" success="True" time="0.000" asserts="0" />
                        <test-case name="Test_RFC8259_NumberInvalid.Dot end" executed="True" result="Success" success="True" time="0.002" asserts="0" />
                        <test-case name="Test_RFC8259_NumberInvalid.NaN" executed="True" result="Success" success="True" time="0.000" asserts="0" />
                        <test-case name="Test_RFC8259_NumberInvalid.Infinity" executed="True" result="Success" success="True" time="0.000" asserts="0" />
                        <test-case name="Test_RFC8259_NumberInvalid.Neg Infinity" executed="True" result="Success" success="True" time="0.002" asserts="0" />
                        <test-case name="Test_RFC8259_NumberInvalid.Hex" executed="True" result="Success" success="True" time="0.000" asserts="0" />
                        <test-case name="Test_RFC8259_StringEscapes" executed="True" result="Success" success="True" time="0.000" asserts="0" />
                        <test-case name="Test_RFC8259_UnicodeEscapes" executed="True" result="Success" success="True" time="0.000" asserts="0" />
                        <test-case name="Test_RFC8259_SurrogatePairs" executed="True" result="Success" success="True" time="0.000" asserts="0" />
                        <test-case name="Test_RFC8259_StringRoundTrip" executed="True" result="Success" success="True" time="0.000" asserts="0" />
                        <test-case name="Test_RFC8259_Whitespace" executed="True" result="Success" success="True" time="0.000" asserts="0" />
                        <test-case name="Test_RFC8259_DeepNesting" executed="True" result="Success" success="True" time="0.000" asserts="0" />
                        <test-case name="Test_RFC8259_TrailingComma" executed="True" result="Success" success="True" time="0.000" asserts="0" />
                        <test-case name="Test_RFC8259_UTF8Multibyte" executed="True" result="Success" success="True" time="0.000" asserts="0" />
                        <test-case name="Test_Stringify" executed="True" result="Success" success="True" time="0.000" asserts="0" />
                      </results>
                    </test-suite>
                    <test-suite type="Fixture" name="TgsJson_jdo_TestProject" executed="True" result="Success" success="True" time="0.027" >
                      <results>
                        <test-case name="Test_Parse.Test A" executed="True" result="Success" success="True" time="0.000" asserts="0" />
                        <test-case name="Test_Parse.Test B" executed="True" result="Success" success="True" time="0.000" asserts="0" />
                        <test-case name="Test_Parse.Test C" executed="True" result="Success" success="True" time="0.000" asserts="0" />
                        <test-case name="Test_Parse.Test D" executed="True" result="Success" success="True" time="0.000" asserts="0" />
                        <test-case name="Test_Parse.Test E" executed="True" result="Success" success="True" time="0.000" asserts="0" />
                        <test-case name="Test_Parse.Test F" executed="True" result="Success" success="True" time="0.000" asserts="0" />
                        <test-case name="Test_Parse.Test G" executed="True" result="Success" success="True" time="0.000" asserts="0" />
                        <test-case name="Test_Parse.Test H" executed="True" result="Success" success="True" time="0.000" asserts="0" />
                        <test-case name="Test_Parse.Test I" executed="True" result="Success" success="True" time="0.000" asserts="0" />
                        <test-case name="Test_Parse.Test J" executed="True" result="Success" success="True" time="0.000" asserts="0" />
                        <test-case name="Test_Parse.Test K" executed="True" result="Success" success="True" time="0.000" asserts="0" />
                        <test-case name="Test_Parse.Test L" executed="True" result="Success" success="True" time="0.000" asserts="0" />
                        <test-case name="Test_Parse.Test Empty A" executed="True" result="Success" success="True" time="0.002" asserts="0" />
                        <test-case name="Test_Parse.Test Empty B" executed="True" result="Success" success="True" time="0.000" asserts="0" />
                        <test-case name="Test_Parse.Test Empty C" executed="True" result="Success" success="True" time="0.000" asserts="0" />
                        <test-case name="Test_Parse.Test Empty D" executed="True" result="Success" success="True" time="0.000" asserts="0" />
                        <test-case name="Test_Parse.Test Empty E" executed="True" result="Success" success="True" time="0.002" asserts="0" />
                        <test-case name="Test_ParseErrorbutOk.Test Empty A (not allowed)" executed="True" result="Success" success="True" time="0.000" asserts="0" />
                        <test-case name="Test_ParseErrorbutOk.Test Empty B With space (not allowed)" executed="True" result="Success" success="True" time="0.000" asserts="0" />
                        <test-case name="Test_ParseErrorbutOk.Test Parse error A (line break not allowed)" executed="True" result="Success" success="True" time="0.000" asserts="0" />
                        <test-case name="Test_ParseErrorbutOk.Test Parse error B (pure string)" executed="True" result="Success" success="True" time="0.002" asserts="0" />
                        <test-case name="Test_ParseErrorbutOk.Test Parse error C (Json object has always pairs declared (here &quot;31&quot; is not named - Not allowed" executed="True" result="Success" success="True" time="0.000" asserts="0" />
                        <test-case name="Test_DuplicateKey_RFC8259" executed="True" result="Success" success="True" time="0.000" asserts="0" />
                        <test-case name="Test_get_1.Test Get 1" executed="True" result="Success" success="True" time="0.000" asserts="0" />
                        <test-case name="Test_get_2.Test Get 2" executed="True" result="Success" success="True" time="0.000" asserts="0" />
                        <test-case name="test_get_integer" executed="True" result="Success" success="True" time="0.000" asserts="0" />
                        <test-case name="Test_getAndJsonElement" executed="True" result="Success" success="True" time="0.000" asserts="0" />
                        <test-case name="test_arrayAndVariousGet" executed="True" result="Success" success="True" time="0.000" asserts="0" />
                        <test-case name="Test_PutAndGetStr.Test Put A" executed="True" result="Success" success="True" time="0.000" asserts="0" />
                        <test-case name="Test_PutAndGetStr.Test Put B" executed="True" result="Success" success="True" time="0.000" asserts="0" />
                        <test-case name="Test_SimpleIntegerArray.Test array build A" executed="True" result="Success" success="True" time="0.000" asserts="0" />
                        <test-case name="Test_PolymorphicArray.Test array build B" executed="True" result="Success" success="True" time="0.000" asserts="0" />
                        <test-case name="Test_BuildEmptyArray.Test array build C (empty array)" executed="True" result="Success" success="True" time="0.000" asserts="0" />
                        <test-case name="Test_RFC8259_NumberFormats.Zero" executed="True" result="Success" success="True" time="0.000" asserts="0" />
                        <test-case name="Test_RFC8259_NumberFormats.Negative zero" executed="True" result="Success" success="True" time="0.000" asserts="0" />
                        <test-case name="Test_RFC8259_NumberFormats.Positive int" executed="True" result="Success" success="True" time="0.000" asserts="0" />
                        <test-case name="Test_RFC8259_NumberFormats.Negative int" executed="True" result="Success" success="True" time="0.000" asserts="0" />
                        <test-case name="Test_RFC8259_NumberFormats.Decimal" executed="True" result="Success" success="True" time="0.000" asserts="0" />
                        <test-case name="Test_RFC8259_NumberFormats.Negative decimal" executed="True" result="Success" success="True" time="0.000" asserts="0" />
                        <test-case name="Test_RFC8259_NumberFormats.Exponent lower" executed="True" result="Success" success="True" time="0.000" asserts="0" />
                        <test-case name="Test_RFC8259_NumberFormats.Exponent upper" executed="True" result="Success" success="True" time="0.000" asserts="0" />
                        <test-case name="Test_RFC8259_NumberFormats.Exponent plus" executed="True" result="Success" success="True" time="0.000" asserts="0" />
                        <test-case name="Test_RFC8259_NumberFormats.Exponent minus" executed="True" result="Success" success="True" time="0.000" asserts="0" />
[...]
                      <results>
                        <test-case name="Test_Parse.Test A" executed="True" result="Success" success="True" time="0.000" asserts="0" />
                        <test-case name="Test_Parse.Test B" executed="True" result="Success" success="True" time="0.002" asserts="0" />
                        <test-case name="Test_Parse.Test C" executed="True" result="Success" success="True" time="0.000" asserts="0" />
                        <test-case name="Test_Parse.Test D" executed="True" result="Success" success="True" time="0.000" asserts="0" />
                        <test-case name="Test_Parse.Test E" executed="True" result="Success" success="True" time="0.000" asserts="0" />
                        <test-case name="Test_Parse.Test F" executed="True" result="Success" success="True" time="0.000" asserts="0" />
                        <test-case name="Test_Parse.Test G" executed="True" result="Success" success="True" time="0.000" asserts="0" />
                        <test-case name="Test_Parse.Test H" executed="True" result="Success" success="True" time="0.000" asserts="0" />
                        <test-case name="Test_Parse.Test I" executed="True" result="Success" success="True" time="0.000" asserts="0" />
                        <test-case name="Test_Parse.Test J" executed="True" result="Success" success="True" time="0.002" asserts="0" />
                        <test-case name="Test_Parse.Test K" executed="True" result="Success" success="True" time="0.000" asserts="0" />
                        <test-case name="Test_Parse.Test L" executed="True" result="Success" success="True" time="0.000" asserts="0" />
                        <test-case name="Test_Parse.Test Empty A" executed="True" result="Success" success="True" time="0.000" asserts="0" />
                        <test-case name="Test_Parse.Test Empty B" executed="True" result="Success" success="True" time="0.000" asserts="0" />
                        <test-case name="Test_Parse.Test Empty C" executed="True" result="Success" success="True" time="0.000" asserts="0" />
                        <test-case name="Test_Parse.Test Empty D" executed="True" result="Success" success="True" time="0.000" asserts="0" />
                        <test-case name="Test_Parse.Test Empty E" executed="True" result="Success" success="True" time="0.000" asserts="0" />
                        <test-case name="Test_ParseErrorbutOk.Test Empty A (not allowed)" executed="True" result="Success" success="True" time="0.000" asserts="0" />
                        <test-case name="Test_ParseErrorbutOk.Test Empty B With space (not allowed)" executed="True" result="Success" success="True" time="0.000" asserts="0" />
                        <test-case name="Test_ParseErrorbutOk.Test Parse error A (line break not allowed)" executed="True" result="Success" success="True" time="0.000" asserts="0" />
                        <test-case name="Test_ParseErrorbutOk.Test Parse error B (pure string)" executed="True" result="Failure" success="False" time="0.000" asserts="0" >
                          <failure>
                            <message>
                              <![CDATA[  ]]>
                            </message>
                            <stack-trace>
                              <![CDATA[  ]]>
                            </stack-trace>
                          </failure>
                        </test-case>
                        <test-case name="Test_ParseErrorbutOk.Test Parse error C (Json object has always pairs declared (here &quot;31&quot; is not named - Not allowed" executed="True" result="Success" success="True" time="0.000" asserts="0" />
                        <test-case name="Test_DuplicateKey_RFC8259" executed="True" result="Success" success="True" time="0.000" asserts="0" />
                        <test-case name="Test_get_1.Test Get 1" executed="True" result="Success" success="True" time="0.000" asserts="0" />
                        <test-case name="Test_get_2.Test Get 2" executed="True" result="Success" success="True" time="0.000" asserts="0" />
                        <test-case name="test_get_integer" executed="True" result="Success" success="True" time="0.000" asserts="0" />
                        <test-case name="Test_getAndJsonElement" executed="True" result="Success" success="True" time="0.000" asserts="0" />
                        <test-case name="test_arrayAndVariousGet" executed="True" result="Success" success="True" time="0.000" asserts="0" />
                        <test-case name="Test_PutAndGetStr.Test Put A" executed="True" result="Success" success="True" time="0.000" asserts="0" />
                        <test-case name="Test_PutAndGetStr.Test Put B" executed="True" result="Success" success="True" time="0.000" asserts="0" />
                        <test-case name="Test_SimpleIntegerArray.Test array build A" executed="True" result="Success" success="True" time="0.000" asserts="0" />
                        <test-case name="Test_PolymorphicArray.Test array build B" executed="True" result="Success" success="True" time="0.000" asserts="0" />
                        <test-case name="Test_BuildEmptyArray.Test array build C (empty array)" executed="True" result="Success" success="True" time="0.000" asserts="0" />
                        <test-case name="Test_RFC8259_NumberFormats.Zero" executed="True" result="Success" success="True" time="0.000" asserts="0" />
                        <test-case name="Test_RFC8259_NumberFormats.Negative zero" executed="True" result="Success" success="True" time="0.000" asserts="0" />
                        <test-case name="Test_RFC8259_NumberFormats.Positive int" executed="True" result="Success" success="True" time="0.000" asserts="0" />
                        <test-case name="Test_RFC8259_NumberFormats.Negative int" executed="True" result="Success" success="True" time="0.000" asserts="0" />
                        <test-case name="Test_RFC8259_NumberFormats.Decimal" executed="True" result="Success" success="True" time="0.000" asserts="0" />
                        <test-case name="Test_RFC8259_NumberFormats.Negative decimal" executed="True" result="Success" success="True" time="0.000" asserts="0" />
                        <test-case name="Test_RFC8259_NumberFormats.Exponent lower" executed="True" result="Success" success="True" time="0.000" asserts="0" />
                        <test-case name="Test_RFC8259_NumberFormats.Exponent upper" executed="True" result="Success" success="True" time="0.000" asserts="0" />
                        <test-case name="Test_RFC8259_NumberFormats.Exponent plus" executed="True" result="Success" success="True" time="0.000" asserts="0" />
                        <test-case name="Test_RFC8259_NumberFormats.Exponent minus" executed="True" result="Success" success="True" time="0.000" asserts="0" />
                        <test-case name="Test_RFC8259_NumberFormats.Decimal exp" executed="True" result="Success" success="True" time="0.000" asserts="0" />
                        <test-case name="Test_RFC8259_NumberFormats.Negative exp" executed="True" result="Success" success="True" time="0.000" asserts="0" />
                        <test-case name="Test_RFC8259_NumberInvalid.Leading plus" executed="True" result="Failure" success="False" time="0.000" asserts="0" >
                          <failure>
                            <message>
                              <![CDATA[ VSoft.YAML: Leading plus "{"v":+1}" causes parser hang - RFC 8259 Section 6 violation (not a valid number format) ]]>
                            </message>
                            <stack-trace>
                              <![CDATA[  ]]>
                            </stack-trace>
                          </failure>
                        </test-case>
                        <test-case name="Test_RFC8259_NumberInvalid.Leading zero" executed="True" result="Success" success="True" time="0.000" asserts="0" />
                        <test-case name="Test_RFC8259_NumberInvalid.Dot start" executed="True" result="Success" success="True" time="0.000" asserts="0" />
                        <test-case name="Test_RFC8259_NumberInvalid.Dot end" executed="True" result="Success" success="True" time="0.000" asserts="0" />
                        <test-case name="Test_RFC8259_NumberInvalid.NaN" executed="True" result="Success" success="True" time="0.000" asserts="0" />
                        <test-case name="Test_RFC8259_NumberInvalid.Infinity" executed="True" result="Success" success="True" time="0.000" asserts="0" />
                        <test-case name="Test_RFC8259_NumberInvalid.Neg Infinity" executed="True" result="Success" success="True" time="0.000" asserts="0" />
                        <test-case name="Test_RFC8259_NumberInvalid.Hex" executed="True" result="Success" success="True" time="0.000" asserts="0" />
                        <test-case name="Test_RFC8259_StringEscapes" executed="True" result="Success" success="True" time="0.000" asserts="0" />
                        <test-case name="Test_RFC8259_UnicodeEscapes" executed="True" result="Success" success="True" time="0.000" asserts="0" />
                        <test-case name="Test_RFC8259_SurrogatePairs" executed="True" result="Success" success="True" time="0.000" asserts="0" />
                        <test-case name="Test_RFC8259_StringRoundTrip" executed="True" result="Success" success="True" time="0.000" asserts="0" />
                        <test-case name="Test_RFC8259_Whitespace" executed="True" result="Success" success="True" time="0.000" asserts="0" />
                        <test-case name="Test_RFC8259_DeepNesting" executed="True" result="Success" success="True" time="0.000" asserts="0" />
                        <test-case name="Test_RFC8259_TrailingComma" executed="True" result="Success" success="True" time="0.000" asserts="0" />
                        <test-case name="Test_RFC8259_UTF8Multibyte" executed="True" result="Success" success="True" time="0.000" asserts="0" />
                        <test-case name="Test_Stringify" executed="True" result="Success" success="True" time="0.000" asserts="0" />
                      </results>
                    </test-suite>
                    <test-suite type="Fixture" name="TgsJson_xSuperObject_TestProject" executed="True" result="Success" success="True" time="0.025" >
                      <results>
                        <test-case name="Test_Parse.Test A" executed="True" result="Success" success="True" time="0.000" asserts="0" />
                        <test-case name="Test_Parse.Test B" executed="True" result="Success" success="True" time="0.000" asserts="0" />
                        <test-case name="Test_Parse.Test C" executed="True" result="Success" success="True" time="0.000" asserts="0" />
                        <test-case name="Test_Parse.Test D" executed="True" result="Success" success="True" time="0.000" asserts="0" />
                        <test-case name="Test_Parse.Test E" executed="True" result="Success" success="True" time="0.000" asserts="0" />
                        <test-case name="Test_Parse.Test F" executed="True" result="Success" success="True" time="0.000" asserts="0" />
                        <test-case name="Test_Parse.Test G" executed="True" result="Success" success="True" time="0.000" asserts="0" />
                        <test-case name="Test_Parse.Test H" executed="True" result="Success" success="True" time="0.000" asserts="0" />
                        <test-case name="Test_Parse.Test I" executed="True" result="Success" success="True" time="0.000" asserts="0" />
                        <test-case name="Test_Parse.Test J" executed="True" result="Success" success="True" time="0.000" asserts="0" />
                        <test-case name="Test_Parse.Test K" executed="True" result="Success" success="True" time="0.002" asserts="0" />
                        <test-case name="Test_Parse.Test L" executed="True" result="Success" success="True" time="0.000" asserts="0" />
                        <test-case name="Test_Parse.Test Empty A" executed="True" result="Success" success="True" time="0.000" asserts="0" />
                        <test-case name="Test_Parse.Test Empty B" executed="True" result="Success" success="True" time="0.000" asserts="0" />
                        <test-case name="Test_Parse.Test Empty C" executed="True" result="Success" success="True" time="0.000" asserts="0" />
                        <test-case name="Test_Parse.Test Empty D" executed="True" result="Success" success="True" time="0.000" asserts="0" />
                        <test-case name="Test_Parse.Test Empty E" executed="True" result="Success" success="True" time="0.000" asserts="0" />
                        <test-case name="Test_ParseErrorbutOk.Test Empty A (not allowed)" executed="True" result="Success" success="True" time="0.000" asserts="0" />
                        <test-case name="Test_ParseErrorbutOk.Test Empty B With space (not allowed)" executed="True" result="Success" success="True" time="0.002" asserts="0" />
                        <test-case name="Test_ParseErrorbutOk.Test Parse error A (line break not allowed)" executed="True" result="Success" success="True" time="0.000" asserts="0" />
                        <test-case name="Test_ParseErrorbutOk.Test Parse error B (pure string)" executed="True" result="Success" success="True" time="0.000" asserts="0" />
                        <test-case name="Test_ParseErrorbutOk.Test Parse error C (Json object has always pairs declared (here &quot;31&quot; is not named - Not allowed" executed="True" result="Success" success="True" time="0.000" asserts="0" />
                        <test-case name="Test_DuplicateKey_RFC8259" executed="True" result="Success" success="True" time="0.000" asserts="0" />
                        <test-case name="Test_get_1.Test Get 1" executed="True" result="Success" success="True" time="0.000" asserts="0" />
                        <test-case name="Test_get_2.Test Get 2" executed="True" result="Success" success="True" time="0.000" asserts="0" />
                        <test-case name="test_get_integer" executed="True" result="Success" success="True" time="0.000" asserts="0" />
                        <test-case name="Test_getAndJsonElement" executed="True" result="Success" success="True" time="0.000" asserts="0" />
                        <test-case name="test_arrayAndVariousGet" executed="True" result="Success" success="True" time="0.000" asserts="0" />
                        <test-case name="Test_PutAndGetStr.Test Put A" executed="True" result="Success" success="True" time="0.000" asserts="0" />
                        <test-case name="Test_PutAndGetStr.Test Put B" executed="True" result="Success" success="True" time="0.000" asserts="0" />
                        <test-case name="Test_SimpleIntegerArray.Test array build A" executed="True" result="Success" success="True" time="0.000" asserts="0" />
                        <test-case name="Test_PolymorphicArray.Test array build B" executed="True" result="Success" success="True" time="0.000" asserts="0" />
                        <test-case name="Test_BuildEmptyArray.Test array build C (empty array)" executed="True" result="Success" success="True" time="0.000" asserts="0" />
                        <test-case name="Test_RFC8259_NumberFormats.Zero" executed="True" result="Success" success="True" time="0.000" asserts="0" />
                        <test-case name="Test_RFC8259_NumberFormats.Negative zero" executed="True" result="Success" success="True" time="0.000" asserts="0" />
                        <test-case name="Test_RFC8259_NumberFormats.Positive int" executed="True" result="Success" success="True" time="0.000" asserts="0" />
                        <test-case name="Test_RFC8259_NumberFormats.Negative int" executed="True" result="Success" success="True" time="0.000" asserts="0" />
                        <test-case name="Test_RFC8259_NumberFormats.Decimal" executed="True" result="Success" success="True" time="0.000" asserts="0" />
                        <test-case name="Test_RFC8259_NumberFormats.Negative decimal" executed="True" result="Success" success="True" time="0.000" asserts="0" />
                        <test-case name="Test_RFC8259_NumberFormats.Exponent lower" executed="True" result="Success" success="True" time="0.000" asserts="0" />
                        <test-case name="Test_RFC8259_NumberFormats.Exponent upper" executed="True" result="Success" success="True" time="0.000" asserts="0" />
                        <test-case name="Test_RFC8259_NumberFormats.Exponent plus" executed="True" result="Success" success="True" time="0.000" asserts="0" />
                        <test-case name="Test_RFC8259_NumberFormats.Exponent minus" executed="True" result="Success" success="True" time="0.000" asserts="0" />
                        <test-case name="Test_RFC8259_NumberFormats.Decimal exp" executed="True" result="Success" success="True" time="0.000" asserts="0" />
                        <test-case name="Test_RFC8259_NumberFormats.Negative exp" executed="True" result="Success" success="True" time="0.000" asserts="0" />
                        <test-case name="Test_RFC8259_NumberInvalid.Leading plus" executed="True" result="Success" success="True" time="0.000" asserts="0" />
                        <test-case name="Test_RFC8259_NumberInvalid.Leading zero" executed="True" result="Success" success="True" time="0.002" asserts="0" />
                        <test-case name="Test_RFC8259_NumberInvalid.Dot start" executed="True" result="Success" success="True" time="0.000" asserts="0" />
                        <test-case name="Test_RFC8259_NumberInvalid.Dot end" executed="True" result="Success" success="True" time="0.000" asserts="0" />
                        <test-case name="Test_RFC8259_NumberInvalid.NaN" executed="True" result="Success" success="True" time="0.000" asserts="0" />
                        <test-case name="Test_RFC8259_NumberInvalid.Infinity" executed="True" result="Success" success="True" time="0.002" asserts="0" />
                        <test-case name="Test_RFC8259_NumberInvalid.Neg Infinity" executed="True" result="Success" success="True" time="0.000" asserts="0" />
                        <test-case name="Test_RFC8259_NumberInvalid.Hex" executed="True" result="Success" success="True" time="0.000" asserts="0" />
                        <test-case name="Test_RFC8259_StringEscapes" executed="True" result="Success" success="True" time="0.000" asserts="0" />
                        <test-case name="Test_RFC8259_UnicodeEscapes" executed="True" result="Success" success="True" time="0.000" asserts="0" />
                        <test-case name="Test_RFC8259_SurrogatePairs" executed="True" result="Success" success="True" time="0.000" asserts="0" />
                        <test-case name="Test_RFC8259_StringRoundTrip" executed="True" result="Success" success="True" time="0.000" asserts="0" />
                        <test-case name="Test_RFC8259_Whitespace" executed="True" result="Success" success="True" time="0.000" asserts="0" />
                        <test-case name="Test_RFC8259_DeepNesting" executed="True" result="Success" success="True" time="0.000" asserts="0" />
                        <test-case name="Test_RFC8259_TrailingComma" executed="True" result="Success" success="True" time="0.000" asserts="0" />
                        <test-case name="Test_RFC8259_UTF8Multibyte" executed="True" result="Success" success="True" time="0.000" asserts="0" />
                        <test-case name="Test_Stringify" executed="True" result="Success" success="True" time="0.000" asserts="0" />
                      </results>
                    </test-suite>
                </results>
              </test-suite>
          </results>
        </test-suite>
    </results>
  </test-suite>
</test-results>
